[debug] [2024-11-19T12:56:52.897Z] ----------------------------------------------------------------------
[debug] [2024-11-19T12:56:52.900Z] Command:       C:\Program Files\nodejs\node.exe C:\Users\arock\AppData\Roaming\npm\node_modules\firebase-tools\lib\bin\firebase.js init hosting
[debug] [2024-11-19T12:56:52.901Z] CLI Version:   13.25.0
[debug] [2024-11-19T12:56:52.901Z] Platform:      win32
[debug] [2024-11-19T12:56:52.901Z] Node Version:  v22.11.0
[debug] [2024-11-19T12:56:52.902Z] Time:          Tue Nov 19 2024 18:26:52 GMT+0530 (India Standard Time)
[debug] [2024-11-19T12:56:52.902Z] ----------------------------------------------------------------------
[debug] 
[debug] [2024-11-19T12:56:53.005Z] > command requires scopes: ["email","openid","https://www.googleapis.com/auth/cloudplatformprojects.readonly","https://www.googleapis.com/auth/firebase","https://www.googleapis.com/auth/cloud-platform"]
[debug] [2024-11-19T12:56:53.005Z] > authorizing via signed-in user (jenitamary0321@gmail.com)
[info] 
     ######## #### ########  ######## ########     ###     ######  ########
     ##        ##  ##     ## ##       ##     ##  ##   ##  ##       ##
     ######    ##  ########  ######   ########  #########  ######  ######
     ##        ##  ##    ##  ##       ##     ## ##     ##       ## ##
     ##       #### ##     ## ######## ########  ##     ##  ######  ########

You're about to initialize a Firebase project in this directory:

  C:\Users\arock\OneDrive\Desktop\Portfolio\jeniportfolio

Before we get started, keep in mind:

  * You are initializing within an existing Firebase project directory

[info] 
=== Project Setup
[info] 
[info] First, let's associate this project directory with a Firebase project.
[info] You can create multiple project aliases by running firebase use --add, 
[info] but for now we'll just set up a default project.
[info] 
[info] i  If you want to create a project in a Google Cloud organization or folder, please use "firebase projects:create" instead, and return to this command when you've created the project. 
[debug] [2024-11-19T12:57:56.929Z] Checked if tokens are valid: true, expires at: 1732024596422
[debug] [2024-11-19T12:57:56.930Z] Checked if tokens are valid: true, expires at: 1732024596422
[debug] [2024-11-19T12:57:56.931Z] >>> [apiv2][query] POST https://cloudresourcemanager.googleapis.com/v1/projects [none]
[debug] [2024-11-19T12:57:56.931Z] >>> [apiv2][body] POST https://cloudresourcemanager.googleapis.com/v1/projects {"projectId":"jenitamary-portfolio","name":"jenitamary-portfolio.we.app"}
[debug] [2024-11-19T12:57:58.745Z] <<< [apiv2][status] POST https://cloudresourcemanager.googleapis.com/v1/projects 400
[debug] [2024-11-19T12:57:58.745Z] <<< [apiv2][body] POST https://cloudresourcemanager.googleapis.com/v1/projects {"error":{"code":400,"message":"field [display_name] has issue [project display name contains invalid characters]","status":"INVALID_ARGUMENT","details":[{"@type":"type.googleapis.com/google.rpc.BadRequest","fieldViolations":[{"field":"display_name","description":"project display name contains invalid characters"}]},{"@type":"type.googleapis.com/google.rpc.Help","links":[{"url":"https://cloud.google.com/resource-manager/reference/rest/v1/projects"}]}]}}
[debug] [2024-11-19T12:57:58.973Z] FirebaseError: Request to https://cloudresourcemanager.googleapis.com/v1/projects had HTTP Error: 400, field [display_name] has issue [project display name contains invalid characters]
    at responseToError (C:\Users\arock\AppData\Roaming\npm\node_modules\firebase-tools\lib\responseToError.js:52:12)
    at RetryOperation._fn (C:\Users\arock\AppData\Roaming\npm\node_modules\firebase-tools\lib\apiv2.js:312:77)
    at process.processTicksAndRejections (node:internal/process/task_queues:105:5)
[error] 
[error] Error: Failed to create project. See firebase-debug.log for more info.
